Arguments: 
  /Users/duxiaolei/.nvm/versions/node/v16.16.0/bin/node /Users/duxiaolei/.yarn/releases/yarn-1.22.19.cjs global bin

PATH: 
  /Users/duxiaolei/.nvm/versions/node/v16.16.0/bin:/usr/local/bin:/System/Cryptexes/App/usr/bin:/usr/bin:/bin:/usr/sbin:/sbin:/Library/Apple/usr/bin:/Users/duxiaolei/Library/pnpm:/Users/duxiaolei/.nvm/versions/node/v16.16.0/bin:/Users/duxiaolei/.config/yarn/global/node_modules/.bin:/usr/local/mysql/bin

Yarn version: 
  1.22.19

Node version: 
  16.16.0

Platform: 
  darwin x64

Trace: 
  SyntaxError: /Users/duxiaolei/learn/chrome-extensions-samples/package.json: Unexpected end of JSON input
      at JSON.parse (<anonymous>)
      at /Users/duxiaolei/.yarn/releases/yarn-1.22.19.cjs:1104:57
      at Generator.next (<anonymous>)
      at step (/Users/duxiaolei/.yarn/releases/yarn-1.22.19.cjs:310:30)
      at /Users/duxiaolei/.yarn/releases/yarn-1.22.19.cjs:321:13

npm manifest: 
  

yarn manifest: 
  No manifest

Lockfile: 
  No lockfile
